<?xml version="1.0" encoding="UTF-8"?>
<!-- Generated by org.testng.reporters.JUnitReportReporter -->
<testsuite skipped="0" hostname="LAPTOP-OITPML0G" name="runners.Runner_test" tests="4" failures="0" timestamp="2022-03-25T13:16:33 IST" time="108.938" errors="0">
  <testcase name="runScenario" time="20.229" classname="runners.Runner_test"/>
  <system-out/>
  <testcase name="runScenario" time="53.660" classname="runners.Runner_test"/>
  <system-out/>
  <testcase name="runScenario" time="20.205" classname="runners.Runner_test"/>
  <system-out/>
  <testcase name="runScenario" time="14.844" classname="runners.Runner_test"/>
  <system-out/>
</testsuite> <!-- runners.Runner_test -->
