<?xml version="1.0" encoding="UTF-8"?>
<!-- Generated by org.testng.reporters.JUnitReportReporter -->
<testsuite skipped="0" hostname="LAPTOP-OITPML0G" name="runners.Runner_test" tests="4" failures="0" timestamp="2022-03-25T13:08:34 IST" time="134.561" errors="0">
  <testcase name="runScenario" time="15.197" classname="runners.Runner_test"/>
  <system-out/>
  <testcase name="runScenario" time="18.621" classname="runners.Runner_test"/>
  <system-out/>
  <testcase name="runScenario" time="83.843" classname="runners.Runner_test"/>
  <system-out/>
  <testcase name="runScenario" time="16.900" classname="runners.Runner_test"/>
  <system-out/>
</testsuite> <!-- runners.Runner_test -->
